<?xml version="1.0" encoding="UTF-8"?>
<testsuite xmlns:xsi="http://www.w3.org/2001/XMLSchema-instance" xsi:noNamespaceSchemaLocation="https://maven.apache.org/surefire/maven-surefire-plugin/xsd/surefire-test-report-3.0.xsd" version="3.0" name="top.soft.bookonline.dao.UserDaoTest" time="0.536" tests="2" errors="1" skipped="0" failures="0">
  <properties>
    <property name="java.specification.version" value="17"/>
    <property name="sun.cpu.isalist" value="amd64"/>
    <property name="sun.jnu.encoding" value="GBK"/>
    <property name="java.class.path" value="D:\Project\Project2\Javaweb-learning\bookonline\target\test-classes;D:\Project\Project2\Javaweb-learning\bookonline\target\classes;D:\tools\maven_jar\jakarta\servlet\jakarta.servlet-api\6.1.0\jakarta.servlet-api-6.1.0.jar;D:\tools\maven_jar\org\junit\jupiter\junit-jupiter-api\5.11.0-M2\junit-jupiter-api-5.11.0-M2.jar;D:\tools\maven_jar\org\opentest4j\opentest4j\1.3.0\opentest4j-1.3.0.jar;D:\tools\maven_jar\org\junit\platform\junit-platform-commons\1.11.0-M2\junit-platform-commons-1.11.0-M2.jar;D:\tools\maven_jar\org\apiguardian\apiguardian-api\1.1.2\apiguardian-api-1.1.2.jar;D:\tools\maven_jar\org\junit\jupiter\junit-jupiter-engine\5.11.0-M2\junit-jupiter-engine-5.11.0-M2.jar;D:\tools\maven_jar\org\junit\platform\junit-platform-engine\1.11.0-M2\junit-platform-engine-1.11.0-M2.jar;D:\tools\maven_jar\com\alibaba\druid\1.2.8\druid-1.2.8.jar;D:\tools\maven_jar\javax\annotation\javax.annotation-api\1.3.2\javax.annotation-api-1.3.2.jar;D:\tools\maven_jar\org\springframework\spring-jdbc\5.3.15\spring-jdbc-5.3.15.jar;D:\tools\maven_jar\org\springframework\spring-beans\5.3.15\spring-beans-5.3.15.jar;D:\tools\maven_jar\org\springframework\spring-core\5.3.15\spring-core-5.3.15.jar;D:\tools\maven_jar\org\springframework\spring-jcl\5.3.15\spring-jcl-5.3.15.jar;D:\tools\maven_jar\org\springframework\spring-tx\5.3.15\spring-tx-5.3.15.jar;D:\tools\maven_jar\mysql\mysql-connector-java\8.0.28\mysql-connector-java-8.0.28.jar;D:\tools\maven_jar\com\google\protobuf\protobuf-java\3.11.4\protobuf-java-3.11.4.jar;D:\tools\maven_jar\org\projectlombok\lombok\1.18.26\lombok-1.18.26.jar;"/>
    <property name="java.vm.vendor" value="Oracle Corporation"/>
    <property name="sun.arch.data.model" value="64"/>
    <property name="user.variant" value=""/>
    <property name="java.vendor.url" value="https://java.oracle.com/"/>
    <property name="user.timezone" value="Asia/Shanghai"/>
    <property name="os.name" value="Windows 10"/>
    <property name="java.vm.specification.version" value="17"/>
    <property name="sun.java.launcher" value="SUN_STANDARD"/>
    <property name="user.country" value="CN"/>
    <property name="sun.boot.library.path" value="C:\Program Files\Java\jdk-17\bin"/>
    <property name="sun.java.command" value="C:\Users\26952\AppData\Local\Temp\surefire7297431486458818993\surefirebooter-20241008151329385_3.jar C:\Users\26952\AppData\Local\Temp\surefire7297431486458818993 2024-10-08T15-13-28_868-jvmRun1 surefire-20241008151329385_1tmp surefire_0-20241008151329385_2tmp"/>
    <property name="jdk.debug" value="release"/>
    <property name="surefire.test.class.path" value="D:\Project\Project2\Javaweb-learning\bookonline\target\test-classes;D:\Project\Project2\Javaweb-learning\bookonline\target\classes;D:\tools\maven_jar\jakarta\servlet\jakarta.servlet-api\6.1.0\jakarta.servlet-api-6.1.0.jar;D:\tools\maven_jar\org\junit\jupiter\junit-jupiter-api\5.11.0-M2\junit-jupiter-api-5.11.0-M2.jar;D:\tools\maven_jar\org\opentest4j\opentest4j\1.3.0\opentest4j-1.3.0.jar;D:\tools\maven_jar\org\junit\platform\junit-platform-commons\1.11.0-M2\junit-platform-commons-1.11.0-M2.jar;D:\tools\maven_jar\org\apiguardian\apiguardian-api\1.1.2\apiguardian-api-1.1.2.jar;D:\tools\maven_jar\org\junit\jupiter\junit-jupiter-engine\5.11.0-M2\junit-jupiter-engine-5.11.0-M2.jar;D:\tools\maven_jar\org\junit\platform\junit-platform-engine\1.11.0-M2\junit-platform-engine-1.11.0-M2.jar;D:\tools\maven_jar\com\alibaba\druid\1.2.8\druid-1.2.8.jar;D:\tools\maven_jar\javax\annotation\javax.annotation-api\1.3.2\javax.annotation-api-1.3.2.jar;D:\tools\maven_jar\org\springframework\spring-jdbc\5.3.15\spring-jdbc-5.3.15.jar;D:\tools\maven_jar\org\springframework\spring-beans\5.3.15\spring-beans-5.3.15.jar;D:\tools\maven_jar\org\springframework\spring-core\5.3.15\spring-core-5.3.15.jar;D:\tools\maven_jar\org\springframework\spring-jcl\5.3.15\spring-jcl-5.3.15.jar;D:\tools\maven_jar\org\springframework\spring-tx\5.3.15\spring-tx-5.3.15.jar;D:\tools\maven_jar\mysql\mysql-connector-java\8.0.28\mysql-connector-java-8.0.28.jar;D:\tools\maven_jar\com\google\protobuf\protobuf-java\3.11.4\protobuf-java-3.11.4.jar;D:\tools\maven_jar\org\projectlombok\lombok\1.18.26\lombok-1.18.26.jar;"/>
    <property name="sun.cpu.endian" value="little"/>
    <property name="user.home" value="C:\Users\26952"/>
    <property name="user.language" value="zh"/>
    <property name="java.specification.vendor" value="Oracle Corporation"/>
    <property name="java.version.date" value="2024-07-16"/>
    <property name="java.home" value="C:\Program Files\Java\jdk-17"/>
    <property name="file.separator" value="\"/>
    <property name="basedir" value="D:\Project\Project2\Javaweb-learning\bookonline"/>
    <property name="java.vm.compressedOopsMode" value="Zero based"/>
    <property name="line.separator" value="&#10;"/>
    <property name="java.vm.specification.vendor" value="Oracle Corporation"/>
    <property name="java.specification.name" value="Java Platform API Specification"/>
    <property name="surefire.real.class.path" value="C:\Users\26952\AppData\Local\Temp\surefire7297431486458818993\surefirebooter-20241008151329385_3.jar"/>
    <property name="user.script" value=""/>
    <property name="sun.management.compiler" value="HotSpot 64-Bit Tiered Compilers"/>
    <property name="java.runtime.version" value="17.0.12+8-LTS-286"/>
    <property name="user.name" value="26952"/>
    <property name="path.separator" value=";"/>
    <property name="os.version" value="10.0"/>
    <property name="java.runtime.name" value="Java(TM) SE Runtime Environment"/>
    <property name="file.encoding" value="GBK"/>
    <property name="java.vm.name" value="Java HotSpot(TM) 64-Bit Server VM"/>
    <property name="localRepository" value="D:\tools\maven_jar"/>
    <property name="java.vendor.url.bug" value="https://bugreport.java.com/bugreport/"/>
    <property name="java.io.tmpdir" value="C:\Users\26952\AppData\Local\Temp\"/>
    <property name="idea.version" value="2024.2.1"/>
    <property name="java.version" value="17.0.12"/>
    <property name="user.dir" value="D:\Project\Project2\Javaweb-learning\bookonline"/>
    <property name="os.arch" value="amd64"/>
    <property name="java.vm.specification.name" value="Java Virtual Machine Specification"/>
    <property name="sun.os.patch.level" value=""/>
    <property name="native.encoding" value="GBK"/>
    <property name="java.library.path" value="C:\Program Files\Java\jdk-17\bin;C:\WINDOWS\Sun\Java\bin;C:\WINDOWS\system32;C:\WINDOWS;C:\Python312\Scripts\;C:\Python312\;C:\Program Files\Common Files\Oracle\Java\javapath;C:\WINDOWS\system32;C:\WINDOWS;C:\WINDOWS\System32\Wbem;C:\WINDOWS\System32\WindowsPowerShell\v1.0\;C:\WINDOWS\System32\OpenSSH\;C:\Program Files\Java\jdk-17\bin;D:\编程\apache-maven-3.9.9-bin\apache-maven-3.9.9\bin;D;\apache-tomcat-10.1.28-windows-x64\apache-tomcat-10.1.28\bin;C:\Program Files\nodejs\;C:\ProgramData\chocolatey\bin;C:\Program Files\Git\cmd;D:\Mysql\bin;C:\Users\26952\AppData\Local\pnpm;C:\Users\26952\AppData\Local\Microsoft\WindowsApps;D:\???\Microsoft VS Code\bin;C:\Users\26952\AppData\Roaming\npm;D:\编程\Microsoft VS Code\bin;."/>
    <property name="java.vm.info" value="mixed mode, sharing"/>
    <property name="java.vendor" value="Oracle Corporation"/>
    <property name="java.vm.version" value="17.0.12+8-LTS-286"/>
    <property name="sun.io.unicode.encoding" value="UnicodeLittle"/>
    <property name="java.class.version" value="61.0"/>
  </properties>
  <testcase name="findUser" classname="top.soft.bookonline.dao.UserDaoTest" time="0.047"/>
  <testcase name="insertUser" classname="top.soft.bookonline.dao.UserDaoTest" time="0.452">
    <error message="PreparedStatementCallback; SQL [INSERT INTO  t_user (account,password,nickname,avatar,address) VALUES (?,?,?,?,?)]; Duplicate entry &apos;333&apos; for key &apos;t_user.account&apos;; nested exception is java.sql.SQLIntegrityConstraintViolationException: Duplicate entry &apos;333&apos; for key &apos;t_user.account&apos;" type="org.springframework.dao.DuplicateKeyException"><![CDATA[org.springframework.dao.DuplicateKeyException: PreparedStatementCallback; SQL [INSERT INTO  t_user (account,password,nickname,avatar,address) VALUES (?,?,?,?,?)]; Duplicate entry '333' for key 't_user.account'; nested exception is java.sql.SQLIntegrityConstraintViolationException: Duplicate entry '333' for key 't_user.account'
	at org.springframework.jdbc.support.SQLErrorCodeSQLExceptionTranslator.doTranslate(SQLErrorCodeSQLExceptionTranslator.java:247)
	at org.springframework.jdbc.support.AbstractFallbackSQLExceptionTranslator.translate(AbstractFallbackSQLExceptionTranslator.java:70)
	at org.springframework.jdbc.core.JdbcTemplate.translateException(JdbcTemplate.java:1541)
	at org.springframework.jdbc.core.JdbcTemplate.execute(JdbcTemplate.java:667)
	at org.springframework.jdbc.core.JdbcTemplate.update(JdbcTemplate.java:960)
	at org.springframework.jdbc.core.JdbcTemplate.update(JdbcTemplate.java:1015)
	at org.springframework.jdbc.core.JdbcTemplate.update(JdbcTemplate.java:1025)
	at top.soft.bookonline.dao.impl.UserDaoImpl.insertUser(UserDaoImpl.java:17)
	at top.soft.bookonline.dao.UserDaoTest.insertUser(UserDaoTest.java:16)
	at java.base/java.lang.reflect.Method.invoke(Method.java:568)
	at java.base/java.util.ArrayList.forEach(ArrayList.java:1511)
	at java.base/java.util.ArrayList.forEach(ArrayList.java:1511)
Caused by: java.sql.SQLIntegrityConstraintViolationException: Duplicate entry '333' for key 't_user.account'
	at com.mysql.cj.jdbc.exceptions.SQLError.createSQLException(SQLError.java:117)
	at com.mysql.cj.jdbc.exceptions.SQLExceptionsMapping.translateException(SQLExceptionsMapping.java:122)
	at com.mysql.cj.jdbc.ClientPreparedStatement.executeInternal(ClientPreparedStatement.java:953)
	at com.mysql.cj.jdbc.ClientPreparedStatement.executeUpdateInternal(ClientPreparedStatement.java:1098)
	at com.mysql.cj.jdbc.ClientPreparedStatement.executeUpdateInternal(ClientPreparedStatement.java:1046)
	at com.mysql.cj.jdbc.ClientPreparedStatement.executeLargeUpdate(ClientPreparedStatement.java:1371)
	at com.mysql.cj.jdbc.ClientPreparedStatement.executeUpdate(ClientPreparedStatement.java:1031)
	at com.alibaba.druid.pool.DruidPooledPreparedStatement.executeUpdate(DruidPooledPreparedStatement.java:255)
	at org.springframework.jdbc.core.JdbcTemplate.lambda$update$2(JdbcTemplate.java:965)
	at org.springframework.jdbc.core.JdbcTemplate.execute(JdbcTemplate.java:651)
	... 8 more
]]></error>
    <system-err><![CDATA[10月 08, 2024 3:13:31 下午 com.alibaba.druid.support.logging.JakartaCommonsLoggingImpl info
信息: {dataSource-1} inited
]]></system-err>
  </testcase>
</testsuite>